<?xml version="1.0" encoding="UTF-8"?>
<!-- Generated by org.testng.reporters.JUnitReportReporter -->
<testsuite hostname="DESKTOP-DJAOCVR" failures="0" tests="1" name="pac.Test1" time="20.180" errors="0" timestamp="2025-03-06T17:55:26 IST" skipped="0">
  <testcase classname="pac.Test1" name="test1" time="20.180"/>
  <system-out/>
</testsuite> <!-- pac.Test1 -->
