<?xml version="1.0" encoding="UTF-8"?>
<!-- Generated by org.testng.reporters.JUnitReportReporter -->
<testsuite hostname="DESKTOP-DJAOCVR" failures="0" tests="1" name="testCases.test2" time="106.682" errors="0" timestamp="2025-03-07T01:30:40 IST" skipped="0">
  <testcase classname="testCases.test2" name="test" time="106.682"/>
  <system-out/>
</testsuite> <!-- testCases.test2 -->
