<?xml version="1.0" encoding="UTF-8"?>
<!-- Generated by org.testng.reporters.JUnitReportReporter -->
<testsuite hostname="DESKTOP-DJAOCVR" failures="0" tests="1" name="testCases.TC_002_SignInTest" time="4.958" errors="0" timestamp="2025-03-07T02:45:40 IST" skipped="0">
  <testcase classname="testCases.TC_002_SignInTest" name="signInTest" time="4.958"/>
  <system-out/>
</testsuite> <!-- testCases.TC_002_SignInTest -->
