<?xml version="1.0" encoding="UTF-8"?>
<!-- Generated by org.testng.reporters.JUnitReportReporter -->
<testsuite hostname="DESKTOP-DJAOCVR" failures="0" tests="1" name="testCases.TC_001_CreatingAnAccount" time="6.228" errors="0" timestamp="2025-03-07T02:45:40 IST" skipped="0">
  <testcase classname="testCases.TC_001_CreatingAnAccount" name="creatingAnAccount" time="6.228"/>
  <system-out/>
</testsuite> <!-- testCases.TC_001_CreatingAnAccount -->
