<?xml version="1.0" encoding="UTF-8"?>
<!-- Generated by org.testng.reporters.JUnitReportReporter -->
<testsuite hostname="DESKTOP-DJAOCVR" failures="0" tests="2" name="testCases.TC_002_SignInTest" time="10.576" errors="0" timestamp="2025-03-07T03:21:31 IST" skipped="0">
  <testcase classname="testCases.TC_002_SignInTest" name="signInTest" time="5.017"/>
  <system-out/>
  <testcase classname="testCases.TC_002_SignInTest" name="signInTest" time="5.559"/>
  <system-out/>
</testsuite> <!-- testCases.TC_002_SignInTest -->
