<?xml version="1.0" encoding="UTF-8"?>
<!-- Generated by org.testng.reporters.JUnitReportReporter -->
<testsuite hostname="DESKTOP-DJAOCVR" failures="0" tests="3" name="testCases.TC_001_CreatingAnAccount" time="17.258" errors="0" timestamp="2025-03-07T03:21:31 IST" skipped="0">
  <testcase classname="testCases.TC_001_CreatingAnAccount" name="creatingAnAccount" time="5.117"/>
  <system-out/>
  <testcase classname="testCases.TC_001_CreatingAnAccount" name="creatingAnAccount" time="6.585"/>
  <system-out/>
  <testcase classname="testCases.TC_001_CreatingAnAccount" name="creatingAnAccount" time="5.556"/>
  <system-out/>
</testsuite> <!-- testCases.TC_001_CreatingAnAccount -->
